<?xml version="1.0" encoding="UTF-8"?>
<testsuite xmlns:xsi="http://www.w3.org/2001/XMLSchema-instance" xsi:noNamespaceSchemaLocation="https://maven.apache.org/surefire/maven-surefire-plugin/xsd/surefire-test-report-3.0.xsd" version="3.0" name="com.mycompany.registration.MessageStorageTest" time="0.211" tests="6" errors="0" skipped="0" failures="0">
  <properties>
[...]
</properties>
  <testcase name="testDeleteByMessageHash" classname="com.mycompany.registration.MessageStorageTest" time="0.071"/>
  <testcase name="testDisplayLongestMessage" classname="com.mycompany.registration.MessageStorageTest" time="0.008"/>
  <testcase name="testSearchByMessageID" classname="com.mycompany.registration.MessageStorageTest" time="0.004"/>
  <testcase name="testSentMessagesArrayPopulated" classname="com.mycompany.registration.MessageStorageTest" time="0.006"/>
  <testcase name="testDisplayReport" classname="com.mycompany.registration.MessageStorageTest" time="0.004"/>
  <testcase name="testSearchByRecipient" classname="com.mycompany.registration.MessageStorageTest" time="0.005"/>
</testsuite>