<?xml version="1.0" encoding="UTF-8"?>
<testsuite xmlns:xsi="http://www.w3.org/2001/XMLSchema-instance" xsi:noNamespaceSchemaLocation="https://maven.apache.org/surefire/maven-surefire-plugin/xsd/surefire-test-report-3.0.xsd" version="3.0" name="com.mycompany.registration.MessageTest" time="0.411" tests="15" errors="0" skipped="0" failures="0">
  <properties>
[...]
</properties>
  <testcase name="testIsValidRecipient_Success" classname="com.mycompany.registration.MessageTest" time="0.081">
    <system-out><![CDATA[isValidRecipient - Success
]]></system-out>
  </testcase>
  <testcase name="testIsValidMessage_Failure_TooLong" classname="com.mycompany.registration.MessageTest" time="0.02">
    <system-out><![CDATA[isValidMessage - Failure (Too Long)
]]></system-out>
  </testcase>
  <testcase name="testStore" classname="com.mycompany.registration.MessageTest" time="0.016">
    <system-out><![CDATA[store
]]></system-out>
  </testcase>
  <testcase name="testSend" classname="com.mycompany.registration.MessageTest" time="0.01">
    <system-out><![CDATA[send
]]></system-out>
  </testcase>
  <testcase name="testIsValidRecipient_Failure_TooLong" classname="com.mycompany.registration.MessageTest" time="0.003">
    <system-out><![CDATA[isValidRecipient - Failure (Too Long)
]]></system-out>
  </testcase>
  <testcase name="testGetMessageDetails" classname="com.mycompany.registration.MessageTest" time="0.009">
    <system-out><![CDATA[getMessageDetails
]]></system-out>
  </testcase>
  <testcase name="testIsValidRecipient_Failure_Null" classname="com.mycompany.registration.MessageTest" time="0.007">
    <system-out><![CDATA[isValidRecipient - Failure (Null)
]]></system-out>
  </testcase>
  <testcase name="testMessageCreation_MessageID_and_Hash" classname="com.mycompany.registration.MessageTest" time="0.013">
    <system-out><![CDATA[Message Creation - MessageID and Hash
]]></system-out>
  </testcase>
  <testcase name="testIsValidMessage_Success" classname="com.mycompany.registration.MessageTest" time="0.004">
    <system-out><![CDATA[isValidMessage - Success
]]></system-out>
  </testcase>
  <testcase name="testIsValidRecipient_Failure_NoInternationalCode" classname="com.mycompany.registration.MessageTest" time="0.003">
    <system-out><![CDATA[isValidRecipient - Failure (No International Code)
]]></system-out>
  </testcase>
  <testcase name="testDisregard" classname="com.mycompany.registration.MessageTest" time="0.003">
    <system-out><![CDATA[disregard
]]></system-out>
  </testcase>
  <testcase name="testIsValidMessage_Success_Boundary250" classname="com.mycompany.registration.MessageTest" time="0.007">
    <system-out><![CDATA[isValidMessage - Success (Boundary 250)
]]></system-out>
  </testcase>
  <testcase name="testMessageHashFormat" classname="com.mycompany.registration.MessageTest" time="0.009">
    <system-out><![CDATA[Message Hash Format - Verified
]]></system-out>
  </testcase>
  <testcase name="testToJSON" classname="com.mycompany.registration.MessageTest" time="0.017">
    <system-out><![CDATA[toJSON
]]></system-out>
  </testcase>
  <testcase name="testIsValidMessage_Failure_Null" classname="com.mycompany.registration.MessageTest" time="0.006">
    <system-out><![CDATA[isValidMessage - Failure (Null)
]]></system-out>
  </testcase>
</testsuite>